c:\users\guoxi\source\repos\ics167-socketdemonstration\demo4-server\x64\debug\vc141.pdb
c:\users\guoxi\source\repos\ics167-socketdemonstration\demo4-server\x64\debug\vc141.idb
c:\users\guoxi\source\repos\ics167-socketdemonstration\demo4-server\x64\debug\base64.obj
c:\users\guoxi\source\repos\ics167-socketdemonstration\demo4-server\x64\debug\sha1.obj
c:\users\guoxi\source\repos\ics167-socketdemonstration\demo4-server\x64\debug\main.obj
c:\users\guoxi\source\repos\ics167-socketdemonstration\demo4-server\x64\debug\websocket.obj
c:\users\guoxi\source\repos\ics167-socketdemonstration\x64\debug\demo4-server.ilk
c:\users\guoxi\source\repos\ics167-socketdemonstration\x64\debug\demo4-server.exe
c:\users\guoxi\source\repos\ics167-socketdemonstration\x64\debug\demo4-server.pdb
c:\users\christophe\desktop\demos_windows\ics167-socketdemonstration\demo4-server\x64\debug\base64.obj
c:\users\christophe\desktop\demos_windows\ics167-socketdemonstration\demo4-server\x64\debug\main.obj
c:\users\christophe\desktop\demos_windows\ics167-socketdemonstration\demo4-server\x64\debug\sha1.obj
c:\users\christophe\desktop\demos_windows\ics167-socketdemonstration\demo4-server\x64\debug\websocket.obj
c:\users\christophe\desktop\demos_windows\ics167-socketdemonstration\demo4-server\x64\debug\vc141.idb
c:\users\christophe\desktop\demos_windows\ics167-socketdemonstration\demo4-server\x64\debug\vc141.pdb
c:\users\christophe\desktop\demos_windows\ics167-socketdemonstration\demo4-server\x64\debug\demo4-server.tlog\cl.command.1.tlog
c:\users\christophe\desktop\demos_windows\ics167-socketdemonstration\demo4-server\x64\debug\demo4-server.tlog\cl.read.1.tlog
c:\users\christophe\desktop\demos_windows\ics167-socketdemonstration\demo4-server\x64\debug\demo4-server.tlog\cl.write.1.tlog
c:\users\christophe\desktop\demos_windows\ics167-socketdemonstration\demo4-server\x64\debug\demo4-server.tlog\link.command.1.tlog
c:\users\christophe\desktop\demos_windows\ics167-socketdemonstration\demo4-server\x64\debug\demo4-server.tlog\link.read.1.tlog
c:\users\christophe\desktop\demos_windows\ics167-socketdemonstration\demo4-server\x64\debug\demo4-server.tlog\link.write.1.tlog
